[GIN-debug] [WARNING] Creating an Engine instance with the Logger and Recovery middleware already attached.

[GIN-debug] [WARNING] Running in "debug" mode. Switch to "release" mode in production.
 - using env:	export GIN_MODE=release
 - using code:	gin.SetMode(gin.ReleaseMode)

[GIN-debug] POST   /register                 --> github.com/robot007num/go/go-web/controllers.Register (3 handlers)
[GIN-debug] POST   /login                    --> github.com/robot007num/go/go-web/controllers.Login (3 handlers)
[GIN-debug] GET    /getsection               --> github.com/robot007num/go/go-web/controllers.GetSection (3 handlers)
[GIN-debug] GET    /getsection/:id           --> github.com/robot007num/go/go-web/controllers.GetSectionClass (3 handlers)
[GIN-debug] GET    /get-post/:classId        --> github.com/robot007num/go/go-web/controllers.GetAllPost (3 handlers)
[GIN-debug] GET    /get-post/:classId/:postId --> github.com/robot007num/go/go-web/controllers.GetSpecifyPost (3 handlers)
[GIN-debug] GET    /v1/ping                  --> github.com/robot007num/go/go-web/controllers.Ping (4 handlers)
[GIN-debug] POST   /v1/add-section           --> github.com/robot007num/go/go-web/controllers.AddSection (4 handlers)
[GIN-debug] POST   /v1/new-post              --> github.com/robot007num/go/go-web/controllers.PostNewPost (4 handlers)
[GIN-debug] [WARNING] You trusted all proxies, this is NOT safe. We recommend you to set a value.
Please check https://pkg.go.dev/github.com/gin-gonic/gin#readme-don-t-trust-all-proxies for details.
[GIN-debug] Listening and serving HTTP on :8080
[GIN] 2023/01/28 - 16:54:11 | 200 |      9.9392ms |             ::1 | GET      "/get-post/1/6284764340293632"
[GIN] 2023/01/28 - 16:54:27 | 200 |      1.4533ms |             ::1 | GET      "/get-post/7"
[GIN] 2023/01/28 - 16:54:36 | 200 |       644.1µs |             ::1 | GET      "/get-post/1/5933655042035712"
[GIN] 2023/01/28 - 16:54:41 | 200 |       562.3µs |             ::1 | GET      "/get-post/7/5933655042035712"
